

Run: 1
Date: 2009-10-27 18:01:53.216459


----------------------------------------------------------------------
Ran 790 tests in 651.697s

OK

real	11m20.114s
user	2m16.657s
sys	0m6.376s


Run: 2
Date: 2009-10-27 21:01:57.741142


----------------------------------------------------------------------
Ran 790 tests in 653.090s

OK

real	11m22.967s
user	2m19.397s
sys	0m6.288s


Run: 3
Date: 2009-10-28 00:02:12.541166


----------------------------------------------------------------------
Ran 790 tests in 657.956s

OK

real	11m28.435s
user	2m19.377s
sys	0m6.700s


Run: 4
Date: 2009-10-28 03:02:12.982660


----------------------------------------------------------------------
Ran 790 tests in 649.333s

OK

real	11m17.423s
user	2m15.336s
sys	0m7.108s


Run: 5
Date: 2009-10-28 06:02:25.908126


----------------------------------------------------------------------
Ran 790 tests in 653.087s

OK

real	11m23.024s
user	2m17.489s
sys	0m7.068s


Run: 6
Date: 2009-10-28 09:02:38.250084


----------------------------------------------------------------------
Ran 790 tests in 656.623s

OK

real	11m26.680s
user	2m17.397s
sys	0m7.624s


Run: 7
Date: 2009-10-28 12:02:46.778060


----------------------------------------------------------------------
Ran 790 tests in 656.523s

OK

real	11m24.873s
user	2m17.625s
sys	0m7.524s


Run: 8
Date: 2009-10-28 15:02:44.890523


----------------------------------------------------------------------
Ran 790 tests in 651.028s

OK

real	11m21.799s
user	2m16.465s
sys	0m8.181s


Run: 9
Date: 2009-10-28 18:02:54.088102


----------------------------------------------------------------------
Ran 790 tests in 658.368s

OK

real	11m26.807s
user	2m17.753s
sys	0m7.884s


Run: 10
Date: 2009-10-28 21:03:08.541554


----------------------------------------------------------------------
Ran 790 tests in 662.036s

OK

real	11m32.236s
user	2m20.281s
sys	0m8.837s


Run: 11
Date: 2009-10-29 00:03:11.779868


----------------------------------------------------------------------
Ran 790 tests in 655.195s

OK

real	11m24.662s
user	2m16.069s
sys	0m8.501s


Run: 12
Date: 2009-10-29 03:03:14.507885


----------------------------------------------------------------------
Ran 790 tests in 657.104s

OK

real	11m25.904s
user	2m19.017s
sys	0m8.821s


Run: 13
Date: 2009-10-29 06:03:17.924090


----------------------------------------------------------------------
Ran 790 tests in 654.490s

OK

real	11m24.527s
user	2m16.937s
sys	0m9.017s


Run: 14
Date: 2009-10-29 09:03:30.023983


----------------------------------------------------------------------
Ran 790 tests in 660.640s

OK

real	11m30.528s
user	2m17.797s
sys	0m9.353s


Run: 15
Date: 2009-10-29 12:03:36.591217


----------------------------------------------------------------------
Ran 790 tests in 660.540s

OK

real	11m29.964s
user	2m17.505s
sys	0m10.209s


Run: 16
Date: 2009-10-29 15:03:39.764328


----------------------------------------------------------------------
Ran 790 tests in 660.825s

OK

real	11m29.194s
user	2m18.257s
sys	0m9.989s


Run: 17
Date: 2009-10-29 18:03:50.665006


----------------------------------------------------------------------
Ran 790 tests in 665.906s

OK

real	11m35.573s
user	2m17.229s
sys	0m10.633s


Run: 18
Date: 2009-10-29 21:03:52.714140


----------------------------------------------------------------------
Ran 790 tests in 663.291s

OK

real	11m33.207s
user	2m17.149s
sys	0m11.033s


Run: 19
Date: 2009-10-30 00:03:56.557309


----------------------------------------------------------------------
Ran 790 tests in 663.073s

OK

real	11m35.220s
user	2m18.469s
sys	0m10.593s


Run: 20
Date: 2009-10-30 03:03:56.503765


----------------------------------------------------------------------
Ran 790 tests in 660.965s

OK

real	11m30.563s
user	2m17.821s
sys	0m11.029s


Run: 21
Date: 2009-10-30 06:04:21.873403


----------------------------------------------------------------------
Ran 790 tests in 670.786s

OK

real	11m40.164s
user	2m18.257s
sys	0m11.333s


Run: 22
Date: 2009-10-30 09:04:13.358677


----------------------------------------------------------------------
Ran 790 tests in 663.110s

OK

real	11m32.455s
user	2m18.149s
sys	0m11.677s


Run: 23
Date: 2009-10-30 12:04:25.478549


----------------------------------------------------------------------
Ran 790 tests in 672.205s

OK

real	11m40.700s
user	2m20.033s
sys	0m12.245s


Run: 24
Date: 2009-10-30 15:04:31.019979


----------------------------------------------------------------------
Ran 790 tests in 668.335s

OK

real	11m37.620s
user	2m16.193s
sys	0m12.481s


Run: 25
Date: 2009-10-30 18:04:37.395752


----------------------------------------------------------------------
Ran 790 tests in 669.609s

OK

real	11m37.692s
user	2m18.913s
sys	0m12.285s


Run: 26
Date: 2009-10-30 21:04:48.221123


----------------------------------------------------------------------
Ran 790 tests in 669.974s

OK

real	11m40.116s
user	2m17.141s
sys	0m12.969s


Run: 27
Date: 2009-10-31 00:04:44.936064


----------------------------------------------------------------------
Ran 790 tests in 666.205s

OK

real	11m34.975s
user	2m15.704s
sys	0m12.517s


Run: 28
Date: 2009-10-31 03:04:44.186638


----------------------------------------------------------------------
Ran 790 tests in 669.104s

OK

real	11m37.614s
user	2m16.681s
sys	0m11.653s


Run: 29
Date: 2009-10-31 06:04:47.171139


----------------------------------------------------------------------
Ran 790 tests in 661.659s

OK

real	11m31.411s
user	2m17.569s
sys	0m10.737s


Run: 30
Date: 2009-10-31 09:04:47.623958


----------------------------------------------------------------------
Ran 790 tests in 659.472s

OK

real	11m27.639s
user	2m17.769s
sys	0m11.301s


Run: 31
Date: 2009-10-31 12:04:54.164061


----------------------------------------------------------------------
Ran 790 tests in 662.275s

OK

real	11m32.096s
user	2m17.157s
sys	0m11.709s


Run: 32
Date: 2009-10-31 15:04:59.349233


----------------------------------------------------------------------
Ran 790 tests in 666.476s

OK

real	11m34.883s
user	2m18.945s
sys	0m12.021s


Run: 33
Date: 2009-10-31 18:05:04.067737


----------------------------------------------------------------------
Ran 790 tests in 663.413s

OK

real	11m34.884s
user	2m19.153s
sys	0m12.089s


Run: 34
Date: 2009-10-31 21:05:09.587646


----------------------------------------------------------------------
Ran 790 tests in 662.800s

OK

real	11m31.405s
user	2m18.377s
sys	0m12.509s


Run: 35
Date: 2009-11-01 00:05:21.001539


----------------------------------------------------------------------
Ran 790 tests in 661.747s

OK

real	11m32.698s
user	2m15.464s
sys	0m11.833s


Run: 36
Date: 2009-11-01 03:05:21.236300


======================================================================
FAIL: Regression for #3031: Archives around Feburary include only one month
----------------------------------------------------------------------
Traceback (most recent call last):
  File "/home/eivindu/vpsbench/django/tests/regressiontests/views/tests/generic/date_based.py", line 112, in test_archive_month_includes_only_month
    self.assertEqual(response.context['previous_month'], prev_month)
AssertionError: datetime.date(2009, 10, 1) != datetime.date(2008, 12, 1)

----------------------------------------------------------------------
Ran 790 tests in 661.180s

FAILED (failures=1)

real	11m30.056s
user	2m16.549s
sys	0m12.321s


Run: 37
Date: 2009-11-01 06:05:30.978544


======================================================================
FAIL: Regression for #3031: Archives around Feburary include only one month
----------------------------------------------------------------------
Traceback (most recent call last):
  File "/home/eivindu/vpsbench/django/tests/regressiontests/views/tests/generic/date_based.py", line 112, in test_archive_month_includes_only_month
    self.assertEqual(response.context['previous_month'], prev_month)
AssertionError: datetime.date(2009, 10, 1) != datetime.date(2008, 12, 1)

----------------------------------------------------------------------
Ran 790 tests in 659.132s

FAILED (failures=1)

real	11m27.293s
user	2m16.673s
sys	0m12.209s


Run: 38
Date: 2009-11-01 09:05:39.866835


======================================================================
FAIL: Regression for #3031: Archives around Feburary include only one month
----------------------------------------------------------------------
Traceback (most recent call last):
  File "/home/eivindu/vpsbench/django/tests/regressiontests/views/tests/generic/date_based.py", line 112, in test_archive_month_includes_only_month
    self.assertEqual(response.context['previous_month'], prev_month)
AssertionError: datetime.date(2009, 10, 1) != datetime.date(2008, 12, 1)

----------------------------------------------------------------------
Ran 790 tests in 666.509s

FAILED (failures=1)

real	11m37.464s
user	2m16.313s
sys	0m11.989s


Run: 39
Date: 2009-11-01 12:05:47.532278


======================================================================
FAIL: Regression for #3031: Archives around Feburary include only one month
----------------------------------------------------------------------
Traceback (most recent call last):
  File "/home/eivindu/vpsbench/django/tests/regressiontests/views/tests/generic/date_based.py", line 112, in test_archive_month_includes_only_month
    self.assertEqual(response.context['previous_month'], prev_month)
AssertionError: datetime.date(2009, 10, 1) != datetime.date(2008, 12, 1)

----------------------------------------------------------------------
Ran 790 tests in 664.925s

FAILED (failures=1)

real	11m34.453s
user	2m16.841s
sys	0m12.077s


Run: 40
Date: 2009-11-01 15:05:46.976484


======================================================================
FAIL: Regression for #3031: Archives around Feburary include only one month
----------------------------------------------------------------------
Traceback (most recent call last):
  File "/home/eivindu/vpsbench/django/tests/regressiontests/views/tests/generic/date_based.py", line 112, in test_archive_month_includes_only_month
    self.assertEqual(response.context['previous_month'], prev_month)
AssertionError: datetime.date(2009, 10, 1) != datetime.date(2008, 12, 1)

----------------------------------------------------------------------
Ran 790 tests in 662.810s

FAILED (failures=1)

real	11m33.679s
user	2m18.825s
sys	0m11.921s


Run: 41
Date: 2009-11-01 18:05:45.384601


======================================================================
FAIL: Regression for #3031: Archives around Feburary include only one month
----------------------------------------------------------------------
Traceback (most recent call last):
  File "/home/eivindu/vpsbench/django/tests/regressiontests/views/tests/generic/date_based.py", line 112, in test_archive_month_includes_only_month
    self.assertEqual(response.context['previous_month'], prev_month)
AssertionError: datetime.date(2009, 10, 1) != datetime.date(2008, 12, 1)

----------------------------------------------------------------------
Ran 790 tests in 662.217s

FAILED (failures=1)

real	11m33.209s
user	2m19.129s
sys	0m12.137s


Run: 42
Date: 2009-11-01 21:05:49.438091


======================================================================
FAIL: Regression for #3031: Archives around Feburary include only one month
----------------------------------------------------------------------
Traceback (most recent call last):
  File "/home/eivindu/vpsbench/django/tests/regressiontests/views/tests/generic/date_based.py", line 112, in test_archive_month_includes_only_month
    self.assertEqual(response.context['previous_month'], prev_month)
AssertionError: datetime.date(2009, 10, 1) != datetime.date(2008, 12, 1)

----------------------------------------------------------------------
Ran 790 tests in 661.436s

FAILED (failures=1)

real	11m32.671s
user	2m18.393s
sys	0m12.269s


Run: 43
Date: 2009-11-02 00:06:00.888878


======================================================================
FAIL: Regression for #3031: Archives around Feburary include only one month
----------------------------------------------------------------------
Traceback (most recent call last):
  File "/home/eivindu/vpsbench/django/tests/regressiontests/views/tests/generic/date_based.py", line 112, in test_archive_month_includes_only_month
    self.assertEqual(response.context['previous_month'], prev_month)
AssertionError: datetime.date(2009, 10, 1) != datetime.date(2008, 12, 1)

----------------------------------------------------------------------
Ran 790 tests in 668.834s

FAILED (failures=1)

real	11m37.675s
user	2m17.661s
sys	0m12.065s


Run: 44
Date: 2009-11-02 03:05:59.124802


======================================================================
FAIL: Regression for #3031: Archives around Feburary include only one month
----------------------------------------------------------------------
Traceback (most recent call last):
  File "/home/eivindu/vpsbench/django/tests/regressiontests/views/tests/generic/date_based.py", line 112, in test_archive_month_includes_only_month
    self.assertEqual(response.context['previous_month'], prev_month)
AssertionError: datetime.date(2009, 10, 1) != datetime.date(2008, 12, 1)

----------------------------------------------------------------------
Ran 790 tests in 659.213s

FAILED (failures=1)

real	11m29.496s
user	2m16.909s
sys	0m12.361s


Run: 45
Date: 2009-11-02 06:06:06.196196


======================================================================
FAIL: Regression for #3031: Archives around Feburary include only one month
----------------------------------------------------------------------
Traceback (most recent call last):
  File "/home/eivindu/vpsbench/django/tests/regressiontests/views/tests/generic/date_based.py", line 112, in test_archive_month_includes_only_month
    self.assertEqual(response.context['previous_month'], prev_month)
AssertionError: datetime.date(2009, 10, 1) != datetime.date(2008, 12, 1)

----------------------------------------------------------------------
Ran 790 tests in 665.535s

FAILED (failures=1)

real	11m34.889s
user	2m17.213s
sys	0m12.713s


Run: 46
Date: 2009-11-02 09:06:11.854286


======================================================================
FAIL: Regression for #3031: Archives around Feburary include only one month
----------------------------------------------------------------------
Traceback (most recent call last):
  File "/home/eivindu/vpsbench/django/tests/regressiontests/views/tests/generic/date_based.py", line 112, in test_archive_month_includes_only_month
    self.assertEqual(response.context['previous_month'], prev_month)
AssertionError: datetime.date(2009, 10, 1) != datetime.date(2008, 12, 1)

----------------------------------------------------------------------
Ran 790 tests in 669.321s

FAILED (failures=1)

real	11m39.966s
user	2m17.193s
sys	0m11.601s


Run: 47
Date: 2009-11-02 12:06:14.330305


======================================================================
FAIL: Regression for #3031: Archives around Feburary include only one month
----------------------------------------------------------------------
Traceback (most recent call last):
  File "/home/eivindu/vpsbench/django/tests/regressiontests/views/tests/generic/date_based.py", line 112, in test_archive_month_includes_only_month
    self.assertEqual(response.context['previous_month'], prev_month)
AssertionError: datetime.date(2009, 10, 1) != datetime.date(2008, 12, 1)

----------------------------------------------------------------------
Ran 790 tests in 667.326s

FAILED (failures=1)

real	11m35.971s
user	2m18.517s
sys	0m12.413s


Run: 48
Date: 2009-11-02 15:06:20.149059


======================================================================
FAIL: Regression for #3031: Archives around Feburary include only one month
----------------------------------------------------------------------
Traceback (most recent call last):
  File "/home/eivindu/vpsbench/django/tests/regressiontests/views/tests/generic/date_based.py", line 112, in test_archive_month_includes_only_month
    self.assertEqual(response.context['previous_month'], prev_month)
AssertionError: datetime.date(2009, 10, 1) != datetime.date(2008, 12, 1)

----------------------------------------------------------------------
Ran 790 tests in 665.888s

FAILED (failures=1)

real	11m38.850s
user	2m17.849s
sys	0m12.581s


Run: 49
Date: 2009-11-02 18:06:18.053749


======================================================================
FAIL: Regression for #3031: Archives around Feburary include only one month
----------------------------------------------------------------------
Traceback (most recent call last):
  File "/home/eivindu/vpsbench/django/tests/regressiontests/views/tests/generic/date_based.py", line 112, in test_archive_month_includes_only_month
    self.assertEqual(response.context['previous_month'], prev_month)
AssertionError: datetime.date(2009, 10, 1) != datetime.date(2008, 12, 1)

----------------------------------------------------------------------
Ran 790 tests in 661.090s

FAILED (failures=1)

real	11m30.045s
user	2m16.029s
sys	0m12.481s


Run: 50
Date: 2009-11-02 21:06:33.572283


======================================================================
FAIL: Regression for #3031: Archives around Feburary include only one month
----------------------------------------------------------------------
Traceback (most recent call last):
  File "/home/eivindu/vpsbench/django/tests/regressiontests/views/tests/generic/date_based.py", line 112, in test_archive_month_includes_only_month
    self.assertEqual(response.context['previous_month'], prev_month)
AssertionError: datetime.date(2009, 10, 1) != datetime.date(2008, 12, 1)

----------------------------------------------------------------------
Ran 790 tests in 665.268s

FAILED (failures=1)

real	11m37.263s
user	2m17.845s
sys	0m12.337s


Run: 51
Date: 2009-11-03 00:06:52.170312


======================================================================
FAIL: Regression for #3031: Archives around Feburary include only one month
----------------------------------------------------------------------
Traceback (most recent call last):
  File "/home/eivindu/vpsbench/django/tests/regressiontests/views/tests/generic/date_based.py", line 112, in test_archive_month_includes_only_month
    self.assertEqual(response.context['previous_month'], prev_month)
AssertionError: datetime.date(2009, 10, 1) != datetime.date(2008, 12, 1)

----------------------------------------------------------------------
Ran 790 tests in 677.699s

FAILED (failures=1)

real	11m49.913s
user	2m18.889s
sys	0m13.497s
